2022-02-25 01:21:39,178 -> Usuário teste registrado
2022-02-25 01:21:39,179 -> Usuario teste registrado
2022-02-25 01:21:39,735 -> Numero geral requisitado -> {'teste': 0}
2022-02-25 01:21:39,736 -> Numero geral incrementado por teste -> 1
2022-02-25 01:21:40,221 -> Numero geral requisitado -> {'teste': 1}
2022-02-25 01:21:40,222 -> Numero geral incrementado por teste -> 1
2022-02-25 01:21:40,728 -> Numero geral incrementado por teste -> 1
2022-02-25 01:21:40,729 -> Numero geral requisitado -> {'teste': 3}
2022-02-25 01:21:41,221 -> Numero geral requisitado -> {'teste': 3}
2022-02-25 01:21:41,222 -> Numero geral incrementado por teste -> 1
2022-02-25 01:21:41,721 -> Numero geral requisitado -> {'teste': 4}
2022-02-25 01:21:41,722 -> Numero geral incrementado por teste -> 1
2022-02-25 01:21:42,229 -> Numero geral incrementado por teste -> 1
2022-02-25 01:21:42,729 -> Numero impar requisitado -> 65
2022-02-25 01:21:42,731 -> Numero geral requisitado -> {'teste': 6}
2022-02-25 01:21:42,734 -> Numero geral incrementado por teste -> 65
2022-02-25 01:21:43,224 -> Numero geral requisitado -> {'teste': 71}
2022-02-25 01:21:43,224 -> Numero geral incrementado por teste -> 1
2022-02-25 01:21:43,728 -> Numero geral requisitado -> {'teste': 72}
2022-02-25 01:21:43,729 -> Numero geral incrementado por teste -> 1
2022-02-25 01:21:44,223 -> Numero geral requisitado -> {'teste': 73}
2022-02-25 01:21:44,224 -> Numero geral incrementado por teste -> 1
2022-02-25 01:21:44,737 -> Numero geral requisitado -> {'teste': 74}
2022-02-25 01:21:44,738 -> Numero geral incrementado por teste -> 1
2022-02-25 01:21:45,230 -> Numero geral requisitado -> {'teste': 75}
2022-02-25 01:21:45,230 -> Numero geral incrementado por teste -> 1
2022-02-25 01:21:45,734 -> Numero geral requisitado -> {'teste': 76}
2022-02-25 01:21:45,735 -> Numero geral incrementado por teste -> 1
2022-02-25 01:21:46,228 -> Numero geral incrementado por teste -> 1
2022-02-25 01:21:46,726 -> Numero geral requisitado -> {'teste': 78}
2022-02-25 01:21:46,726 -> Numero geral incrementado por teste -> 1
2022-02-25 01:21:47,236 -> Numero geral requisitado -> {'teste': 79}
2022-02-25 01:21:47,236 -> Numero geral incrementado por teste -> 1
2022-02-25 01:21:47,735 -> Numero par requisitado ->  36
2022-02-25 01:21:47,737 -> Numero geral requisitado -> {'teste': 80}
2022-02-25 01:21:47,740 -> Numero geral incrementado por teste -> 36
2022-02-25 01:21:48,230 -> Numero geral incrementado por teste -> 1
2022-02-25 01:21:48,230 -> Numero geral requisitado -> {'teste': 117}
2022-02-25 01:21:48,723 -> Numero geral requisitado -> {'teste': 117}
2022-02-25 01:21:48,724 -> Numero geral incrementado por teste -> 1
2022-02-25 01:21:49,232 -> Numero geral requisitado -> {'teste': 118}
2022-02-25 01:21:49,233 -> Numero geral incrementado por teste -> 1
2022-02-25 01:21:49,730 -> Numero geral requisitado -> {'teste': 119}
2022-02-25 01:21:49,731 -> Numero geral incrementado por teste -> 1
2022-02-25 01:21:50,235 -> Numero geral requisitado -> {'teste': 120}
2022-02-25 01:21:50,235 -> Numero geral incrementado por teste -> 1
2022-02-25 01:21:50,736 -> Numero geral requisitado -> {'teste': 121}
2022-02-25 01:21:50,737 -> Numero geral incrementado por teste -> 1
2022-02-25 01:21:51,223 -> Numero geral requisitado -> {'teste': 122}
2022-02-25 01:21:51,224 -> Numero geral incrementado por teste -> 1
2022-02-25 01:21:51,721 -> Numero par requisitado ->  72
2022-02-25 01:21:51,723 -> Numero geral requisitado -> {'teste': 123}
2022-02-25 01:21:51,727 -> Numero geral incrementado por teste -> 72
2022-02-25 01:21:51,901 -> Usuario teste logout
2022-02-25 01:21:54,794 -> Usuário a registrado
2022-02-25 01:21:54,795 -> Usuario a registrado
2022-02-25 01:21:55,362 -> Numero geral requisitado -> {'teste': 195, 'a': 0}
2022-02-25 01:21:55,363 -> Numero geral incrementado por a -> 1
2022-02-25 01:21:55,858 -> Numero geral requisitado -> {'teste': 195, 'a': 1}
2022-02-25 01:21:55,858 -> Numero geral incrementado por a -> 1
2022-02-25 01:21:56,363 -> Numero geral incrementado por a -> 1
2022-02-25 01:21:56,363 -> Numero geral requisitado -> {'teste': 195, 'a': 3}
2022-02-25 01:21:56,847 -> Numero geral requisitado -> {'teste': 195, 'a': 3}
2022-02-25 01:21:56,848 -> Numero geral incrementado por a -> 1
2022-02-25 01:21:57,361 -> Numero geral requisitado -> {'teste': 195, 'a': 4}
2022-02-25 01:21:57,362 -> Numero geral incrementado por a -> 1
2022-02-25 01:21:57,856 -> Numero geral requisitado -> {'teste': 195, 'a': 5}
2022-02-25 01:21:57,857 -> Numero geral incrementado por a -> 1
2022-02-25 01:21:58,364 -> Numero geral incrementado por a -> 1
2022-02-25 01:21:58,364 -> Numero geral requisitado -> {'teste': 195, 'a': 7}
2022-02-25 01:21:58,727 -> Usuario a logout
2022-02-25 01:22:00,571 -> Usuario a logado
2022-02-25 01:22:01,127 -> Numero geral incrementado por a -> 1
2022-02-25 01:22:01,127 -> Numero geral requisitado -> {'teste': 195, 'a': 8}
2022-02-25 01:22:01,620 -> Numero geral incrementado por a -> 1
2022-02-25 01:22:01,620 -> Numero geral requisitado -> {'teste': 195, 'a': 9}
2022-02-25 01:22:02,121 -> Numero geral requisitado -> {'teste': 195, 'a': 9}
2022-02-25 01:22:02,122 -> Numero geral incrementado por a -> 1
2022-02-25 01:22:02,370 -> Usuario a logout
